2023-07-30 16:02:47,812:INFO: /data/pengmiao/ML-DPC-S0/LoadTraces/410.bwaves-s0.txt.xz
2023-07-30 16:03:36,659:INFO: -------------Data Proccessed------------
2023-07-30 16:03:40,759:INFO: Epoch: 1 - loss: 0.6259670936 - test_loss: 0.4600762756
2023-07-30 16:03:40,761:INFO: -------- Save Best Model! --------
2023-07-30 16:03:41,635:INFO: Epoch: 2 - loss: 0.2649450590 - test_loss: 0.1961630073
2023-07-30 16:03:41,636:INFO: -------- Save Best Model! --------
2023-07-30 16:03:42,512:INFO: Epoch: 3 - loss: 0.1876232019 - test_loss: 0.1847078656
2023-07-30 16:03:42,514:INFO: -------- Save Best Model! --------
2023-07-30 16:03:43,389:INFO: Epoch: 4 - loss: 0.1840755439 - test_loss: 0.1821652325
2023-07-30 16:03:43,391:INFO: -------- Save Best Model! --------
2023-07-30 16:03:44,278:INFO: Epoch: 5 - loss: 0.1831689585 - test_loss: 0.1811300111
2023-07-30 16:03:44,280:INFO: -------- Save Best Model! --------
2023-07-30 16:03:45,160:INFO: Epoch: 6 - loss: 0.1814340656 - test_loss: 0.1787952706
2023-07-30 16:03:45,161:INFO: -------- Save Best Model! --------
2023-07-30 16:03:46,036:INFO: Epoch: 7 - loss: 0.1789049410 - test_loss: 0.1768291371
2023-07-30 16:03:46,037:INFO: -------- Save Best Model! --------
2023-07-30 16:03:46,910:INFO: Epoch: 8 - loss: 0.1747237379 - test_loss: 0.1712695092
2023-07-30 16:03:46,911:INFO: -------- Save Best Model! --------
2023-07-30 16:03:47,786:INFO: Epoch: 9 - loss: 0.1701274785 - test_loss: 0.1682693927
2023-07-30 16:03:47,787:INFO: -------- Save Best Model! --------
2023-07-30 16:03:48,659:INFO: Epoch: 10 - loss: 0.1672846743 - test_loss: 0.1669075714
2023-07-30 16:03:48,661:INFO: -------- Save Best Model! --------
2023-07-30 16:03:49,533:INFO: Epoch: 11 - loss: 0.1661083282 - test_loss: 0.1664475305
2023-07-30 16:03:49,535:INFO: -------- Save Best Model! --------
2023-07-30 16:03:50,406:INFO: Epoch: 12 - loss: 0.1653395285 - test_loss: 0.1659144593
2023-07-30 16:03:50,407:INFO: -------- Save Best Model! --------
2023-07-30 16:03:51,282:INFO: Epoch: 13 - loss: 0.1645631931 - test_loss: 0.1664146304
2023-07-30 16:03:51,282:INFO: Early Stop Left: 4
2023-07-30 16:03:52,163:INFO: Epoch: 14 - loss: 0.1639299273 - test_loss: 0.1653154709
2023-07-30 16:03:52,165:INFO: -------- Save Best Model! --------
2023-07-30 16:03:53,037:INFO: Epoch: 15 - loss: 0.1634046881 - test_loss: 0.1658643713
2023-07-30 16:03:53,037:INFO: Early Stop Left: 4
2023-07-30 16:03:53,911:INFO: Epoch: 16 - loss: 0.1625995103 - test_loss: 0.1647607142
2023-07-30 16:03:53,913:INFO: -------- Save Best Model! --------
2023-07-30 16:03:54,790:INFO: Epoch: 17 - loss: 0.1620641364 - test_loss: 0.1649035461
2023-07-30 16:03:54,790:INFO: Early Stop Left: 4
2023-07-30 16:03:55,668:INFO: Epoch: 18 - loss: 0.1614688080 - test_loss: 0.1640991558
2023-07-30 16:03:55,670:INFO: -------- Save Best Model! --------
2023-07-30 16:03:56,540:INFO: Epoch: 19 - loss: 0.1607786162 - test_loss: 0.1634476798
2023-07-30 16:03:56,541:INFO: -------- Save Best Model! --------
2023-07-30 16:03:57,416:INFO: Epoch: 20 - loss: 0.1602882020 - test_loss: 0.1643710798
2023-07-30 16:03:57,416:INFO: Early Stop Left: 4
2023-07-30 16:03:58,292:INFO: Epoch: 21 - loss: 0.1596059669 - test_loss: 0.1655523214
2023-07-30 16:03:58,292:INFO: Early Stop Left: 3
2023-07-30 16:03:59,161:INFO: Epoch: 22 - loss: 0.1590112160 - test_loss: 0.1647272082
2023-07-30 16:03:59,161:INFO: Early Stop Left: 2
2023-07-30 16:04:00,033:INFO: Epoch: 23 - loss: 0.1584394495 - test_loss: 0.1620555712
2023-07-30 16:04:00,034:INFO: -------- Save Best Model! --------
2023-07-30 16:04:00,905:INFO: Epoch: 24 - loss: 0.1578593081 - test_loss: 0.1653000300
2023-07-30 16:04:00,906:INFO: Early Stop Left: 4
2023-07-30 16:04:01,773:INFO: Epoch: 25 - loss: 0.1573376882 - test_loss: 0.1632387314
2023-07-30 16:04:01,773:INFO: Early Stop Left: 3
2023-07-30 16:04:02,640:INFO: Epoch: 26 - loss: 0.1568700908 - test_loss: 0.1625405354
2023-07-30 16:04:02,640:INFO: Early Stop Left: 2
2023-07-30 16:04:03,509:INFO: Epoch: 27 - loss: 0.1562512251 - test_loss: 0.1625007100
2023-07-30 16:04:03,509:INFO: Early Stop Left: 1
2023-07-30 16:04:04,380:INFO: Epoch: 28 - loss: 0.1557625909 - test_loss: 0.1621185806
2023-07-30 16:04:04,380:INFO: Early Stop Left: 0
2023-07-30 16:04:04,380:INFO: -------- Early Stop! --------
2023-07-30 17:00:12,147:INFO: /data/pengmiao/ML-DPC-S0/LoadTraces/410.bwaves-s0.txt.xz
2023-07-30 17:01:01,942:INFO: -------------Data Proccessed------------
2023-07-30 17:01:06,001:INFO: Epoch: 1 - loss: 0.6259670936 - test_loss: 0.4600762756
2023-07-30 17:01:06,002:INFO: -------- Save Best Model! --------
2023-07-30 17:01:06,864:INFO: Epoch: 2 - loss: 0.2649450590 - test_loss: 0.1961630073
2023-07-30 17:01:06,865:INFO: -------- Save Best Model! --------
2023-07-30 17:01:07,695:INFO: Epoch: 3 - loss: 0.1876232019 - test_loss: 0.1847078656
2023-07-30 17:01:07,697:INFO: -------- Save Best Model! --------
2023-07-30 17:01:08,522:INFO: Epoch: 4 - loss: 0.1840755439 - test_loss: 0.1821652325
2023-07-30 17:01:08,524:INFO: -------- Save Best Model! --------
2023-07-30 17:01:09,352:INFO: Epoch: 5 - loss: 0.1831689585 - test_loss: 0.1811300111
2023-07-30 17:01:09,354:INFO: -------- Save Best Model! --------
2023-07-30 17:01:10,180:INFO: Epoch: 6 - loss: 0.1814340656 - test_loss: 0.1787952706
2023-07-30 17:01:10,181:INFO: -------- Save Best Model! --------
2023-07-30 17:01:11,007:INFO: Epoch: 7 - loss: 0.1789049410 - test_loss: 0.1768291371
2023-07-30 17:01:11,008:INFO: -------- Save Best Model! --------
2023-07-30 17:01:11,838:INFO: Epoch: 8 - loss: 0.1747237379 - test_loss: 0.1712695092
2023-07-30 17:01:11,839:INFO: -------- Save Best Model! --------
2023-07-30 17:01:12,669:INFO: Epoch: 9 - loss: 0.1701274785 - test_loss: 0.1682693927
2023-07-30 17:01:12,670:INFO: -------- Save Best Model! --------
2023-07-30 17:01:13,498:INFO: Epoch: 10 - loss: 0.1672846743 - test_loss: 0.1669075714
2023-07-30 17:01:13,499:INFO: -------- Save Best Model! --------
2023-07-30 17:01:14,325:INFO: Epoch: 11 - loss: 0.1661083282 - test_loss: 0.1664475305
2023-07-30 17:01:14,327:INFO: -------- Save Best Model! --------
2023-07-30 17:01:15,162:INFO: Epoch: 12 - loss: 0.1653395285 - test_loss: 0.1659144593
2023-07-30 17:01:15,163:INFO: -------- Save Best Model! --------
2023-07-30 17:01:16,001:INFO: Epoch: 13 - loss: 0.1645631931 - test_loss: 0.1664146304
2023-07-30 17:01:16,001:INFO: Early Stop Left: 4
2023-07-30 17:01:16,826:INFO: Epoch: 14 - loss: 0.1639299273 - test_loss: 0.1653154709
2023-07-30 17:01:16,827:INFO: -------- Save Best Model! --------
2023-07-30 17:01:17,651:INFO: Epoch: 15 - loss: 0.1634046881 - test_loss: 0.1658643713
2023-07-30 17:01:17,652:INFO: Early Stop Left: 4
2023-07-30 17:01:18,483:INFO: Epoch: 16 - loss: 0.1625995103 - test_loss: 0.1647607142
2023-07-30 17:01:18,484:INFO: -------- Save Best Model! --------
2023-07-30 17:01:19,309:INFO: Epoch: 17 - loss: 0.1620641364 - test_loss: 0.1649035461
2023-07-30 17:01:19,310:INFO: Early Stop Left: 4
2023-07-30 17:01:20,135:INFO: Epoch: 18 - loss: 0.1614688080 - test_loss: 0.1640991558
2023-07-30 17:01:20,136:INFO: -------- Save Best Model! --------
2023-07-30 17:01:20,962:INFO: Epoch: 19 - loss: 0.1607786162 - test_loss: 0.1634476798
2023-07-30 17:01:20,963:INFO: -------- Save Best Model! --------
2023-07-30 17:01:21,793:INFO: Epoch: 20 - loss: 0.1602882020 - test_loss: 0.1643710798
2023-07-30 17:01:21,793:INFO: Early Stop Left: 4
2023-07-30 17:01:22,618:INFO: Epoch: 21 - loss: 0.1596059669 - test_loss: 0.1655523214
2023-07-30 17:01:22,618:INFO: Early Stop Left: 3
2023-07-30 17:01:23,444:INFO: Epoch: 22 - loss: 0.1590112160 - test_loss: 0.1647272082
2023-07-30 17:01:23,444:INFO: Early Stop Left: 2
2023-07-30 17:01:24,271:INFO: Epoch: 23 - loss: 0.1584394495 - test_loss: 0.1620555712
2023-07-30 17:01:24,272:INFO: -------- Save Best Model! --------
2023-07-30 17:01:25,101:INFO: Epoch: 24 - loss: 0.1578593081 - test_loss: 0.1653000300
2023-07-30 17:01:25,101:INFO: Early Stop Left: 4
2023-07-30 17:01:25,929:INFO: Epoch: 25 - loss: 0.1573376882 - test_loss: 0.1632387314
2023-07-30 17:01:25,929:INFO: Early Stop Left: 3
2023-07-30 17:01:26,756:INFO: Epoch: 26 - loss: 0.1568700908 - test_loss: 0.1625405354
2023-07-30 17:01:26,756:INFO: Early Stop Left: 2
2023-07-30 17:01:27,583:INFO: Epoch: 27 - loss: 0.1562512251 - test_loss: 0.1625007100
2023-07-30 17:01:27,583:INFO: Early Stop Left: 1
2023-07-30 17:01:28,415:INFO: Epoch: 28 - loss: 0.1557625909 - test_loss: 0.1621185806
2023-07-30 17:01:28,415:INFO: Early Stop Left: 0
2023-07-30 17:01:28,415:INFO: -------- Early Stop! --------
2023-07-31 13:47:03,124:INFO: /data/pengmiao/ML-DPC-S0/LoadTraces/410.bwaves-s0.txt.xz
2023-07-31 13:47:58,560:INFO: -------------Data Proccessed------------
2023-07-31 13:50:05,462:INFO: /data/pengmiao/ML-DPC-S0/LoadTraces/410.bwaves-s0.txt.xz
2023-07-31 13:51:00,159:INFO: -------------Data Proccessed------------
2023-07-31 13:51:37,583:INFO: /data/pengmiao/ML-DPC-S0/LoadTraces/410.bwaves-s0.txt.xz
2023-07-31 13:52:33,433:INFO: -------------Data Proccessed------------
2023-07-31 13:53:37,749:INFO: /data/pengmiao/ML-DPC-S0/LoadTraces/410.bwaves-s0.txt.xz
2023-07-31 13:54:30,103:INFO: -------------Data Proccessed------------
2023-07-31 13:55:45,638:INFO: /data/pengmiao/ML-DPC-S0/LoadTraces/410.bwaves-s0.txt.xz
2023-07-31 13:56:39,393:INFO: -------------Data Proccessed------------
2023-07-31 13:57:05,577:INFO: /data/pengmiao/ML-DPC-S0/LoadTraces/410.bwaves-s0.txt.xz
2023-07-31 13:57:59,048:INFO: -------------Data Proccessed------------
2023-07-31 13:58:14,013:INFO: /data/pengmiao/ML-DPC-S0/LoadTraces/410.bwaves-s0.txt.xz
2023-07-31 13:59:05,209:INFO: -------------Data Proccessed------------
2023-07-31 13:59:29,784:INFO: /data/pengmiao/ML-DPC-S0/LoadTraces/410.bwaves-s0.txt.xz
2023-07-31 14:00:19,752:INFO: -------------Data Proccessed------------
2023-07-31 14:00:45,039:INFO: /data/pengmiao/ML-DPC-S0/LoadTraces/410.bwaves-s0.txt.xz
2023-07-31 14:01:37,706:INFO: -------------Data Proccessed------------
